2024-02-27 16:54:45 LogWrapper init() ./logs/EUR_CHF.log
2024-02-27 16:54:45 {'n_ma': 12, 'n_std': 2.5, 'maxspread': 0.004, 'mingain': 0.0014, 'riskreward': 1.3}
2024-02-27 16:54:47 CandleManager() init last_candles:last_candle:24-02-27 15:53 is_ready:False
2024-02-27 16:55:09 CandleManager() new candle:last_candle:24-02-27 15:54 is_ready:True
2024-02-27 16:55:10 tech_manager: max_rows:32 candle_time2024-02-27 15:54:00+00:00 granularity:M1
2024-02-27 16:55:10 process_candles:
       PAIR                      time    mid_c    mid_o        SL        TP   SPREAD      GAIN  SIGNAL
26  EUR_CHF 2024-02-27 15:50:00+00:00  0.95430  0.95440  0.000000  0.000000  0.00015  0.000166       0
27  EUR_CHF 2024-02-27 15:51:00+00:00  0.95434  0.95430  0.000000  0.000000  0.00015  0.000127       0
28  EUR_CHF 2024-02-27 15:52:00+00:00  0.95426  0.95434  0.000000  0.000000  0.00014  0.000197       0
29  EUR_CHF 2024-02-27 15:53:00+00:00  0.95426  0.95427  0.000000  0.000000  0.00017  0.000176       0
30  EUR_CHF 2024-02-27 15:54:00+00:00  0.95404  0.95426  0.953761  0.954402  0.00013  0.000362       1
2024-02-27 16:55:10 place Trade: TradeDecision(): EUR_CHF dir:1 gain:0.0004 sl:0.9538 tp:0.9544
2024-02-27 16:56:06 CandleManager() new candle:last_candle:24-02-27 15:55 is_ready:True
2024-02-27 16:56:07 tech_manager: max_rows:32 candle_time2024-02-27 15:55:00+00:00 granularity:M1
2024-02-27 16:56:08 process_candles:
       PAIR                      time    mid_c    mid_o        SL        TP   SPREAD      GAIN  SIGNAL
26  EUR_CHF 2024-02-27 15:51:00+00:00  0.95434  0.95430  0.000000  0.000000  0.00015  0.000127       0
27  EUR_CHF 2024-02-27 15:52:00+00:00  0.95426  0.95434  0.000000  0.000000  0.00014  0.000197       0
28  EUR_CHF 2024-02-27 15:53:00+00:00  0.95426  0.95427  0.000000  0.000000  0.00017  0.000176       0
29  EUR_CHF 2024-02-27 15:54:00+00:00  0.95404  0.95426  0.953761  0.954402  0.00013  0.000362       1
30  EUR_CHF 2024-02-27 15:55:00+00:00  0.95410  0.95404  0.000000  0.000000  0.00013  0.000263       0
