2024-02-27 16:54:45 LogWrapper init() ./logs/GBP_CHF.log
2024-02-27 16:54:45 {'n_ma': 12, 'n_std': 2.5, 'maxspread': 0.004, 'mingain': 0.0014, 'riskreward': 1.3}
2024-02-27 16:54:47 CandleManager() init last_candles:last_candle:24-02-27 15:53 is_ready:False
2024-02-27 16:55:08 CandleManager() new candle:last_candle:24-02-27 15:54 is_ready:True
2024-02-27 16:55:09 tech_manager: max_rows:32 candle_time2024-02-27 15:54:00+00:00 granularity:M1
2024-02-27 16:55:10 process_candles:
       PAIR                      time    mid_c    mid_o   SL   TP   SPREAD      GAIN  SIGNAL
26  GBP_CHF 2024-02-27 15:50:00+00:00  1.11580  1.11582  0.0  0.0  0.00021  0.000254       0
27  GBP_CHF 2024-02-27 15:51:00+00:00  1.11545  1.11580  0.0  0.0  0.00020  0.000120       0
28  GBP_CHF 2024-02-27 15:52:00+00:00  1.11545  1.11544  0.0  0.0  0.00016  0.000125       0
29  GBP_CHF 2024-02-27 15:53:00+00:00  1.11552  1.11544  0.0  0.0  0.00017  0.000044       0
30  GBP_CHF 2024-02-27 15:54:00+00:00  1.11544  1.11550  0.0  0.0  0.00014  0.000117       0
2024-02-27 16:56:06 CandleManager() new candle:last_candle:24-02-27 15:55 is_ready:True
2024-02-27 16:56:07 tech_manager: max_rows:32 candle_time2024-02-27 15:55:00+00:00 granularity:M1
2024-02-27 16:56:07 process_candles:
       PAIR                      time    mid_c    mid_o   SL   TP   SPREAD      GAIN  SIGNAL
26  GBP_CHF 2024-02-27 15:51:00+00:00  1.11545  1.11580  0.0  0.0  0.00020  0.000120       0
27  GBP_CHF 2024-02-27 15:52:00+00:00  1.11545  1.11544  0.0  0.0  0.00016  0.000125       0
28  GBP_CHF 2024-02-27 15:53:00+00:00  1.11552  1.11544  0.0  0.0  0.00017  0.000044       0
29  GBP_CHF 2024-02-27 15:54:00+00:00  1.11544  1.11550  0.0  0.0  0.00014  0.000117       0
30  GBP_CHF 2024-02-27 15:55:00+00:00  1.11533  1.11544  0.0  0.0  0.00016  0.000206       0
