2024-02-27 16:54:45 LogWrapper init() ./logs/GBP_USD.log
2024-02-27 16:54:45 {'n_ma': 12, 'n_std': 1.5, 'maxspread': 0.004, 'mingain': 0.0014, 'riskreward': 1.3}
2024-02-27 16:54:47 CandleManager() init last_candles:last_candle:24-02-27 15:53 is_ready:False
2024-02-27 16:55:09 CandleManager() new candle:last_candle:24-02-27 15:54 is_ready:True
2024-02-27 16:55:10 tech_manager: max_rows:32 candle_time2024-02-27 15:54:00+00:00 granularity:M1
2024-02-27 16:55:11 process_candles:
       PAIR                      time    mid_c    mid_o   SL   TP   SPREAD      GAIN  SIGNAL
26  GBP_USD 2024-02-27 15:50:00+00:00  1.26850  1.26804  0.0  0.0  0.00016  0.001595       0
27  GBP_USD 2024-02-27 15:51:00+00:00  1.26776  1.26850  0.0  0.0  0.00016  0.000691       0
28  GBP_USD 2024-02-27 15:52:00+00:00  1.26788  1.26775  0.0  0.0  0.00015  0.000672       0
29  GBP_USD 2024-02-27 15:53:00+00:00  1.26810  1.26787  0.0  0.0  0.00015  0.000758       0
30  GBP_USD 2024-02-27 15:54:00+00:00  1.26843  1.26812  0.0  0.0  0.00016  0.000934       0
2024-02-27 16:56:07 CandleManager() new candle:last_candle:24-02-27 15:55 is_ready:True
2024-02-27 16:56:08 tech_manager: max_rows:32 candle_time2024-02-27 15:55:00+00:00 granularity:M1
2024-02-27 16:56:08 process_candles:
       PAIR                      time    mid_c    mid_o   SL   TP   SPREAD      GAIN  SIGNAL
26  GBP_USD 2024-02-27 15:51:00+00:00  1.26776  1.26850  0.0  0.0  0.00016  0.000691       0
27  GBP_USD 2024-02-27 15:52:00+00:00  1.26788  1.26775  0.0  0.0  0.00015  0.000672       0
28  GBP_USD 2024-02-27 15:53:00+00:00  1.26810  1.26787  0.0  0.0  0.00015  0.000758       0
29  GBP_USD 2024-02-27 15:54:00+00:00  1.26843  1.26812  0.0  0.0  0.00016  0.000934       0
30  GBP_USD 2024-02-27 15:55:00+00:00  1.26828  1.26847  0.0  0.0  0.00017  0.000636       0
