2024-02-27 16:54:45 LogWrapper init() ./logs/GBP_JPY.log
2024-02-27 16:54:45 {'n_ma': 12, 'n_std': 2.5, 'maxspread': 0.04, 'mingain': 0.14, 'riskreward': 1.3}
2024-02-27 16:54:47 CandleManager() init last_candles:last_candle:24-02-27 15:53 is_ready:False
2024-02-27 16:55:09 CandleManager() new candle:last_candle:24-02-27 15:54 is_ready:True
2024-02-27 16:55:11 tech_manager: max_rows:32 candle_time2024-02-27 15:54:00+00:00 granularity:M1
2024-02-27 16:55:11 process_candles:
       PAIR                      time    mid_c    mid_o          SL          TP  SPREAD      GAIN  SIGNAL
26  GBP_JPY 2024-02-27 15:50:00+00:00  190.779  190.737  190.869491  190.661361   0.030  0.117639      -1
27  GBP_JPY 2024-02-27 15:51:00+00:00  190.710  190.778    0.000000    0.000000   0.029  0.036556       0
28  GBP_JPY 2024-02-27 15:52:00+00:00  190.740  190.706    0.000000    0.000000   0.024  0.057028       0
29  GBP_JPY 2024-02-27 15:53:00+00:00  190.749  190.740    0.000000    0.000000   0.024  0.057833       0
30  GBP_JPY 2024-02-27 15:54:00+00:00  190.796  190.748    0.000000    0.000000   0.030  0.093750       0
2024-02-27 16:56:07 CandleManager() new candle:last_candle:24-02-27 15:55 is_ready:True
2024-02-27 16:56:08 tech_manager: max_rows:32 candle_time2024-02-27 15:55:00+00:00 granularity:M1
2024-02-27 16:56:08 process_candles:
       PAIR                      time    mid_c    mid_o   SL   TP  SPREAD      GAIN  SIGNAL
26  GBP_JPY 2024-02-27 15:51:00+00:00  190.710  190.778  0.0  0.0   0.029  0.036556       0
27  GBP_JPY 2024-02-27 15:52:00+00:00  190.740  190.706  0.0  0.0   0.024  0.057028       0
28  GBP_JPY 2024-02-27 15:53:00+00:00  190.749  190.740  0.0  0.0   0.024  0.057833       0
29  GBP_JPY 2024-02-27 15:54:00+00:00  190.796  190.748  0.0  0.0   0.030  0.093750       0
30  GBP_JPY 2024-02-27 15:55:00+00:00  190.782  190.796  0.0  0.0   0.027  0.069417       0
